Build started 2/12/2013 11:56:45 PM.
     1>Project "C:\Users\gangathara rai\Documents\GitHub\WPF-Apllications\c++exp\c++exp\c++exp.vcxproj" on node 2 (build target(s)).
     1>InitializeBuildStatus:
         Creating "Debug\c++exp.unsuccessfulbuild" because "AlwaysCreate" was specified.
       ClCompile:
         C:\Program Files\Microsoft Visual Studio 10.0\VC\bin\CL.exe /c /ZI /nologo /W3 /WX- /Od /Oy- /D WIN32 /D _DEBUG /D _CONSOLE /D _UNICODE /D UNICODE /Gm /EHsc /RTC1 /MDd /GS /fp:precise /Zc:wchar_t /Zc:forScope /Fo"Debug\\" /Fd"Debug\vc100.pdb" /Gd /TP /analyze- /errorReport:prompt main.cpp
         main.cpp
       ManifestResourceCompile:
         All outputs are up-to-date.
       Link:
         C:\Program Files\Microsoft Visual Studio 10.0\VC\bin\link.exe /ERRORREPORT:PROMPT /OUT:"C:\Users\gangathara rai\Documents\GitHub\WPF-Apllications\c++exp\Debug\c++exp.exe" /INCREMENTAL /NOLOGO kernel32.lib user32.lib gdi32.lib winspool.lib comdlg32.lib advapi32.lib shell32.lib ole32.lib oleaut32.lib uuid.lib odbc32.lib odbccp32.lib /MANIFEST /ManifestFile:"Debug\c++exp.exe.intermediate.manifest" /MANIFESTUAC:"level='asInvoker' uiAccess='false'" /DEBUG /PDB:"C:\Users\gangathara rai\Documents\GitHub\WPF-Apllications\c++exp\Debug\c++exp.pdb" /SUBSYSTEM:CONSOLE /TLBID:1 /DYNAMICBASE /NXCOMPAT /IMPLIB:"C:\Users\gangathara rai\Documents\GitHub\WPF-Apllications\c++exp\Debug\c++exp.lib" /MACHINE:X86 Debug\c++exp.exe.embed.manifest.res
         Debug\main.obj
       Manifest:
         C:\Program Files\Microsoft SDKs\Windows\v7.0A\bin\mt.exe /nologo /verbose /out:"Debug\c++exp.exe.embed.manifest" /manifest Debug\c++exp.exe.intermediate.manifest
         All outputs are up-to-date.
       LinkEmbedManifest:
         All outputs are up-to-date.
         c++exp.vcxproj -> C:\Users\gangathara rai\Documents\GitHub\WPF-Apllications\c++exp\Debug\c++exp.exe
       FinalizeBuildStatus:
         Deleting file "Debug\c++exp.unsuccessfulbuild".
         Touching "Debug\c++exp.lastbuildstate".
     1>Done Building Project "C:\Users\gangathara rai\Documents\GitHub\WPF-Apllications\c++exp\c++exp\c++exp.vcxproj" (build target(s)).

Build succeeded.

Time Elapsed 00:00:01.40
